<?xml version="1.0" encoding="UTF-8"?>
<!-- Generated by org.testng.reporters.JUnitXMLReporter -->
<testsuite ignored="3" hostname="LAPTOP-IT30BRU5" failures="0" tests="8" name="Free CRM App Test Cases" time="209.344" errors="0" timestamp="2021-03-13T22:37:58 IST">
  <testcase classname="com.crm.qa.testcases.LoginPageTest" name="loginPageTitleTest" time="0.026"/>
  <testcase classname="com.crm.qa.testcases.LoginPageTest" name="crmLogoImageTest" time="0.07"/>
  <testcase classname="com.crm.qa.testcases.LoginPageTest" name="loginTest" time="12.043"/>
  <testcase classname="com.crm.qa.testcases.HomePageTest" name="verifyHomePageTitleTest" time="0.014"/>
  <testcase classname="com.crm.qa.testcases.HomePageTest" name="verifyUserNameTest" time="0.073"/>
  <testcase classname="com.crm.qa.testcases.HomePageTest" name="verifyContactsLinkTest" time="5.297"/>
  <testcase classname="com.crm.qa.testcases.ContactsPageTest" name="verifyContactsPageLabel" time="5.839"/>
  <testcase classname="com.crm.qa.testcases.ContactsPageTest" name="selectSingleContactsTest" time="5.457"/>
  <testcase classname="com.crm.qa.testcases.ContactsPageTest" name="selectMultipleContactsTest" time="0.0">
    <ignored/>
  </testcase> <!-- selectMultipleContactsTest -->
  <testcase classname="com.crm.qa.testcases.ContactsPageTest" name="validateCreateNewContact2" time="0.0">
    <ignored/>
  </testcase> <!-- validateCreateNewContact2 -->
  <testcase classname="com.crm.qa.testcases.ContactsPageTest" name="validateCreateNewContact" time="0.0">
    <ignored/>
  </testcase> <!-- validateCreateNewContact -->
</testsuite> <!-- Free CRM App Test Cases -->
