<?xml version="1.0" encoding="UTF-8"?>
<testng-results ignored="3" total="11" passed="8" failed="0" skipped="0">
  <reporter-output>
  </reporter-output>
  <suite started-at="2021-03-13T22:34:29 IST" name="FREE CRM Application Test Automation Test Suite" finished-at="2021-03-13T22:37:58 IST" duration-ms="209344">
    <groups>
    </groups>
    <test started-at="2021-03-13T22:34:29 IST" name="Free CRM App Test Cases" finished-at="2021-03-13T22:37:58 IST" duration-ms="209344">
      <class name="com.crm.qa.testcases.HomePageTest">
        <test-method is-config="true" signature="setUp()[pri:0, instance:com.crm.qa.testcases.HomePageTest@b62d79]" started-at="2021-03-13T22:35:14 IST" name="setUp" finished-at="2021-03-13T22:35:38 IST" duration-ms="24595" status="PASS">
          <reporter-output>
          </reporter-output>
        </test-method> <!-- setUp -->
        <test-method signature="verifyHomePageTitleTest()[pri:1, instance:com.crm.qa.testcases.HomePageTest@b62d79]" started-at="2021-03-13T22:35:38 IST" name="verifyHomePageTitleTest" finished-at="2021-03-13T22:35:38 IST" duration-ms="14" status="PASS">
          <reporter-output>
          </reporter-output>
        </test-method> <!-- verifyHomePageTitleTest -->
        <test-method is-config="true" signature="tearDown()[pri:0, instance:com.crm.qa.testcases.HomePageTest@b62d79]" started-at="2021-03-13T22:35:38 IST" name="tearDown" finished-at="2021-03-13T22:35:39 IST" duration-ms="707" status="PASS">
          <reporter-output>
          </reporter-output>
        </test-method> <!-- tearDown -->
        <test-method is-config="true" signature="setUp()[pri:0, instance:com.crm.qa.testcases.HomePageTest@b62d79]" started-at="2021-03-13T22:35:39 IST" name="setUp" finished-at="2021-03-13T22:36:05 IST" duration-ms="25400" status="PASS">
          <reporter-output>
          </reporter-output>
        </test-method> <!-- setUp -->
        <test-method signature="verifyUserNameTest()[pri:2, instance:com.crm.qa.testcases.HomePageTest@b62d79]" started-at="2021-03-13T22:36:05 IST" name="verifyUserNameTest" finished-at="2021-03-13T22:36:05 IST" duration-ms="73" status="PASS">
          <reporter-output>
          </reporter-output>
        </test-method> <!-- verifyUserNameTest -->
        <test-method is-config="true" signature="tearDown()[pri:0, instance:com.crm.qa.testcases.HomePageTest@b62d79]" started-at="2021-03-13T22:36:05 IST" name="tearDown" finished-at="2021-03-13T22:36:05 IST" duration-ms="688" status="PASS">
          <reporter-output>
          </reporter-output>
        </test-method> <!-- tearDown -->
        <test-method is-config="true" signature="setUp()[pri:0, instance:com.crm.qa.testcases.HomePageTest@b62d79]" started-at="2021-03-13T22:36:05 IST" name="setUp" finished-at="2021-03-13T22:36:28 IST" duration-ms="23121" status="PASS">
          <reporter-output>
          </reporter-output>
        </test-method> <!-- setUp -->
        <test-method signature="verifyContactsLinkTest()[pri:3, instance:com.crm.qa.testcases.HomePageTest@b62d79]" started-at="2021-03-13T22:36:28 IST" name="verifyContactsLinkTest" finished-at="2021-03-13T22:36:34 IST" duration-ms="5297" status="PASS">
          <reporter-output>
          </reporter-output>
        </test-method> <!-- verifyContactsLinkTest -->
        <test-method is-config="true" signature="tearDown()[pri:0, instance:com.crm.qa.testcases.HomePageTest@b62d79]" started-at="2021-03-13T22:36:34 IST" name="tearDown" finished-at="2021-03-13T22:36:34 IST" duration-ms="752" status="PASS">
          <reporter-output>
          </reporter-output>
        </test-method> <!-- tearDown -->
      </class> <!-- com.crm.qa.testcases.HomePageTest -->
      <class name="com.crm.qa.testcases.ContactsPageTest">
        <test-method is-config="true" signature="setUp()[pri:0, instance:com.crm.qa.testcases.ContactsPageTest@6631f5ca]" started-at="2021-03-13T22:36:34 IST" name="setUp" finished-at="2021-03-13T22:37:11 IST" duration-ms="36645" status="PASS">
          <reporter-output>
          </reporter-output>
        </test-method> <!-- setUp -->
        <test-method signature="verifyContactsPageLabel()[pri:1, instance:com.crm.qa.testcases.ContactsPageTest@6631f5ca]" started-at="2021-03-13T22:37:11 IST" name="verifyContactsPageLabel" finished-at="2021-03-13T22:37:17 IST" duration-ms="5839" status="PASS">
          <reporter-output>
          </reporter-output>
        </test-method> <!-- verifyContactsPageLabel -->
        <test-method is-config="true" signature="tearDown()[pri:0, instance:com.crm.qa.testcases.ContactsPageTest@6631f5ca]" started-at="2021-03-13T22:37:17 IST" name="tearDown" finished-at="2021-03-13T22:37:18 IST" duration-ms="703" status="PASS">
          <reporter-output>
          </reporter-output>
        </test-method> <!-- tearDown -->
        <test-method is-config="true" signature="setUp()[pri:0, instance:com.crm.qa.testcases.ContactsPageTest@6631f5ca]" started-at="2021-03-13T22:37:18 IST" name="setUp" finished-at="2021-03-13T22:37:52 IST" duration-ms="34456" status="PASS">
          <reporter-output>
          </reporter-output>
        </test-method> <!-- setUp -->
        <test-method signature="selectSingleContactsTest()[pri:2, instance:com.crm.qa.testcases.ContactsPageTest@6631f5ca]" started-at="2021-03-13T22:37:52 IST" name="selectSingleContactsTest" finished-at="2021-03-13T22:37:58 IST" duration-ms="5457" status="PASS">
          <reporter-output>
          </reporter-output>
        </test-method> <!-- selectSingleContactsTest -->
        <test-method is-config="true" signature="tearDown()[pri:0, instance:com.crm.qa.testcases.ContactsPageTest@6631f5ca]" started-at="2021-03-13T22:37:58 IST" name="tearDown" finished-at="2021-03-13T22:37:58 IST" duration-ms="700" status="PASS">
          <reporter-output>
          </reporter-output>
        </test-method> <!-- tearDown -->
      </class> <!-- com.crm.qa.testcases.ContactsPageTest -->
      <class name="com.crm.qa.testcases.LoginPageTest">
        <test-method is-config="true" signature="setUp()[pri:0, instance:com.crm.qa.testcases.LoginPageTest@2accdbb5]" started-at="2021-03-13T22:34:29 IST" name="setUp" finished-at="2021-03-13T22:34:40 IST" duration-ms="11285" status="PASS">
          <reporter-output>
          </reporter-output>
        </test-method> <!-- setUp -->
        <test-method signature="loginPageTitleTest()[pri:1, instance:com.crm.qa.testcases.LoginPageTest@2accdbb5]" started-at="2021-03-13T22:34:40 IST" name="loginPageTitleTest" finished-at="2021-03-13T22:34:40 IST" duration-ms="26" status="PASS">
          <reporter-output>
          </reporter-output>
        </test-method> <!-- loginPageTitleTest -->
        <test-method is-config="true" signature="tearDown()[pri:0, instance:com.crm.qa.testcases.LoginPageTest@2accdbb5]" started-at="2021-03-13T22:34:40 IST" name="tearDown" finished-at="2021-03-13T22:34:41 IST" duration-ms="766" status="PASS">
          <reporter-output>
          </reporter-output>
        </test-method> <!-- tearDown -->
        <test-method is-config="true" signature="setUp()[pri:0, instance:com.crm.qa.testcases.LoginPageTest@2accdbb5]" started-at="2021-03-13T22:34:41 IST" name="setUp" finished-at="2021-03-13T22:34:51 IST" duration-ms="10354" status="PASS">
          <reporter-output>
          </reporter-output>
        </test-method> <!-- setUp -->
        <test-method signature="crmLogoImageTest()[pri:2, instance:com.crm.qa.testcases.LoginPageTest@2accdbb5]" started-at="2021-03-13T22:34:51 IST" name="crmLogoImageTest" finished-at="2021-03-13T22:34:51 IST" duration-ms="70" status="PASS">
          <reporter-output>
          </reporter-output>
        </test-method> <!-- crmLogoImageTest -->
        <test-method is-config="true" signature="tearDown()[pri:0, instance:com.crm.qa.testcases.LoginPageTest@2accdbb5]" started-at="2021-03-13T22:34:51 IST" name="tearDown" finished-at="2021-03-13T22:34:52 IST" duration-ms="805" status="PASS">
          <reporter-output>
          </reporter-output>
        </test-method> <!-- tearDown -->
        <test-method is-config="true" signature="setUp()[pri:0, instance:com.crm.qa.testcases.LoginPageTest@2accdbb5]" started-at="2021-03-13T22:34:52 IST" name="setUp" finished-at="2021-03-13T22:35:01 IST" duration-ms="8795" status="PASS">
          <reporter-output>
          </reporter-output>
        </test-method> <!-- setUp -->
        <test-method signature="loginTest()[pri:3, instance:com.crm.qa.testcases.LoginPageTest@2accdbb5]" started-at="2021-03-13T22:35:01 IST" name="loginTest" finished-at="2021-03-13T22:35:13 IST" duration-ms="12043" status="PASS">
          <reporter-output>
          </reporter-output>
        </test-method> <!-- loginTest -->
        <test-method is-config="true" signature="tearDown()[pri:0, instance:com.crm.qa.testcases.LoginPageTest@2accdbb5]" started-at="2021-03-13T22:35:13 IST" name="tearDown" finished-at="2021-03-13T22:35:14 IST" duration-ms="693" status="PASS">
          <reporter-output>
          </reporter-output>
        </test-method> <!-- tearDown -->
      </class> <!-- com.crm.qa.testcases.LoginPageTest -->
    </test> <!-- Free CRM App Test Cases -->
  </suite> <!-- FREE CRM Application Test Automation Test Suite -->
</testng-results>
